# JRE version: OpenJDK Runtime Environment (17.0.1+12) (build 17.0.1+12-nixos)
# Java VM: OpenJDK 64-Bit Server VM (17.0.1+12-nixos, mixed mode, sharing, tiered, compressed oops, compressed class ptrs, serial gc, linux-amd64)
GC Precious Log:
 CPUs: 8 total, 1 available
 Memory: 1024M
 Large Page Support: Disabled
 NUMA Support: Disabled
 Compressed Oops: Enabled (32-bit)
 Heap Min Capacity: 256M
 Heap Initial Capacity: 256M
 Heap Max Capacity: 512M
 Pre-touch: Disabled
Heap:
 def new generation   total 78912K, used 35154K [0x00000000e0000000, 0x00000000e5590000, 0x00000000eaaa0000)
  eden space 70208K,  46% used [0x00000000e0000000, 0x00000000e1f984b8, 0x00000000e4490000)
  from space 8704K,  32% used [0x00000000e4d10000, 0x00000000e4fcc578, 0x00000000e5590000)
  to   space 8704K,   0% used [0x00000000e4490000, 0x00000000e4490000, 0x00000000e4d10000)
 tenured generation   total 174784K, used 143714K [0x00000000eaaa0000, 0x00000000f5550000, 0x0000000100000000)
   the space 174784K,  82% used [0x00000000eaaa0000, 0x00000000f36f8ac0, 0x00000000f36f8c00, 0x00000000f5550000)
 Metaspace       used 87108K, committed 87872K, reserved 294912K
  class space    used 11167K, committed 11584K, reserved 212992K
GC Heap History (20 events):
Event: 8634.775 GC heap before
{Heap before GC invocations=86 (full 3):
 def new generation   total 78912K, used 72580K [0x00000000e0000000, 0x00000000e5590000, 0x00000000eaaa0000)
  eden space 70208K, 100% used [0x00000000e0000000, 0x00000000e4490000, 0x00000000e4490000)
  from space 8704K,  27% used [0x00000000e4d10000, 0x00000000e4f61278, 0x00000000e5590000)
  to   space 8704K,   0% used [0x00000000e4490000, 0x00000000e4490000, 0x00000000e4d10000)
 tenured generation   total 174784K, used 127433K [0x00000000eaaa0000, 0x00000000f5550000, 0x0000000100000000)
   the space 174784K,  72% used [0x00000000eaaa0000, 0x00000000f2712798, 0x00000000f2712800, 0x00000000f5550000)
 Metaspace       used 84665K, committed 85376K, reserved 294912K
  class space    used 10920K, committed 11264K, reserved 212992K
}
Event: 8634.785 GC heap after
{Heap after GC invocations=87 (full 3):
 def new generation   total 78912K, used 2295K [0x00000000e0000000, 0x00000000e5590000, 0x00000000eaaa0000)
  eden space 70208K,   0% used [0x00000000e0000000, 0x00000000e0000000, 0x00000000e4490000)
  from space 8704K,  26% used [0x00000000e4490000, 0x00000000e46cdea8, 0x00000000e4d10000)
  to   space 8704K,   0% used [0x00000000e4d10000, 0x00000000e4d10000, 0x00000000e5590000)
 tenured generation   total 174784K, used 127433K [0x00000000eaaa0000, 0x00000000f5550000, 0x0000000100000000)
   the space 174784K,  72% used [0x00000000eaaa0000, 0x00000000f2712798, 0x00000000f2712800, 0x00000000f5550000)
 Metaspace       used 84665K, committed 85376K, reserved 294912K
  class space    used 10920K, committed 11264K, reserved 212992K
}
Event: 8637.284 GC heap before
{Heap before GC invocations=87 (full 3):
 def new generation   total 78912K, used 72503K [0x00000000e0000000, 0x00000000e5590000, 0x00000000eaaa0000)
  eden space 70208K, 100% used [0x00000000e0000000, 0x00000000e4490000, 0x00000000e4490000)
  from space 8704K,  26% used [0x00000000e4490000, 0x00000000e46cdea8, 0x00000000e4d10000)
  to   space 8704K,   0% used [0x00000000e4d10000, 0x00000000e4d10000, 0x00000000e5590000)
 tenured generation   total 174784K, used 127433K [0x00000000eaaa0000, 0x00000000f5550000, 0x0000000100000000)
   the space 174784K,  72% used [0x00000000eaaa0000, 0x00000000f2712798, 0x00000000f2712800, 0x00000000f5550000)
 Metaspace       used 84795K, committed 85568K, reserved 294912K
  class space    used 10936K, committed 11328K, reserved 212992K
}
Event: 8637.316 GC heap after
{Heap after GC invocations=88 (full 3):
 def new generation   total 78912K, used 6074K [0x00000000e0000000, 0x00000000e5590000, 0x00000000eaaa0000)
  eden space 70208K,   0% used [0x00000000e0000000, 0x00000000e0000000, 0x00000000e4490000)
  from space 8704K,  69% used [0x00000000e4d10000, 0x00000000e52fe930, 0x00000000e5590000)
  to   space 8704K,   0% used [0x00000000e4490000, 0x00000000e4490000, 0x00000000e4d10000)
 tenured generation   total 174784K, used 127433K [0x00000000eaaa0000, 0x00000000f5550000, 0x0000000100000000)
   the space 174784K,  72% used [0x00000000eaaa0000, 0x00000000f2712798, 0x00000000f2712800, 0x00000000f5550000)
 Metaspace       used 84795K, committed 85568K, reserved 294912K
  class space    used 10936K, committed 11328K, reserved 212992K
}
Event: 8639.093 GC heap before
{Heap before GC invocations=88 (full 3):
 def new generation   total 78912K, used 76276K [0x00000000e0000000, 0x00000000e5590000, 0x00000000eaaa0000)
  eden space 70208K,  99% used [0x00000000e0000000, 0x00000000e448e978, 0x00000000e4490000)
  from space 8704K,  69% used [0x00000000e4d10000, 0x00000000e52fe930, 0x00000000e5590000)
  to   space 8704K,   0% used [0x00000000e4490000, 0x00000000e4490000, 0x00000000e4d10000)
 tenured generation   total 174784K, used 127433K [0x00000000eaaa0000, 0x00000000f5550000, 0x0000000100000000)
   the space 174784K,  72% used [0x00000000eaaa0000, 0x00000000f2712798, 0x00000000f2712800, 0x00000000f5550000)
 Metaspace       used 84820K, committed 85632K, reserved 294912K
  class space    used 10938K, committed 11328K, reserved 212992K
}
Event: 8639.308 GC heap after
{Heap after GC invocations=89 (full 3):
 def new generation   total 78912K, used 5926K [0x00000000e0000000, 0x00000000e5590000, 0x00000000eaaa0000)
  eden space 70208K,   0% used [0x00000000e0000000, 0x00000000e0000000, 0x00000000e4490000)
  from space 8704K,  68% used [0x00000000e4490000, 0x00000000e4a59ab8, 0x00000000e4d10000)
  to   space 8704K,   0% used [0x00000000e4d10000, 0x00000000e4d10000, 0x00000000e5590000)
 tenured generation   total 174784K, used 129659K [0x00000000eaaa0000, 0x00000000f5550000, 0x0000000100000000)
   the space 174784K,  74% used [0x00000000eaaa0000, 0x00000000f293ed30, 0x00000000f293ee00, 0x00000000f5550000)
 Metaspace       used 84820K, committed 85632K, reserved 294912K
  class space    used 10938K, committed 11328K, reserved 212992K
}
Event: 8639.391 GC heap before
{Heap before GC invocations=89 (full 3):
 def new generation   total 78912K, used 76037K [0x00000000e0000000, 0x00000000e5590000, 0x00000000eaaa0000)
  eden space 70208K,  99% used [0x00000000e0000000, 0x00000000e4477a90, 0x00000000e4490000)
  from space 8704K,  68% used [0x00000000e4490000, 0x00000000e4a59ab8, 0x00000000e4d10000)
  to   space 8704K,   0% used [0x00000000e4d10000, 0x00000000e4d10000, 0x00000000e5590000)
 tenured generation   total 174784K, used 129659K [0x00000000eaaa0000, 0x00000000f5550000, 0x0000000100000000)
   the space 174784K,  74% used [0x00000000eaaa0000, 0x00000000f293ed30, 0x00000000f293ee00, 0x00000000f5550000)
 Metaspace       used 84820K, committed 85632K, reserved 294912K
  class space    used 10938K, committed 11328K, reserved 212992K
}
Event: 8639.498 GC heap after
{Heap after GC invocations=90 (full 3):
 def new generation   total 78912K, used 3726K [0x00000000e0000000, 0x00000000e5590000, 0x00000000eaaa0000)
  eden space 70208K,   0% used [0x00000000e0000000, 0x00000000e0000000, 0x00000000e4490000)
  from space 8704K,  42% used [0x00000000e4d10000, 0x00000000e50b3a28, 0x00000000e5590000)
  to   space 8704K,   0% used [0x00000000e4490000, 0x00000000e4490000, 0x00000000e4d10000)
 tenured generation   total 174784K, used 131928K [0x00000000eaaa0000, 0x00000000f5550000, 0x0000000100000000)
   the space 174784K,  75% used [0x00000000eaaa0000, 0x00000000f2b763a8, 0x00000000f2b76400, 0x00000000f5550000)
 Metaspace       used 84820K, committed 85632K, reserved 294912K
  class space    used 10938K, committed 11328K, reserved 212992K
}
Event: 8640.079 GC heap before
{Heap before GC invocations=90 (full 3):
 def new generation   total 78912K, used 73919K [0x00000000e0000000, 0x00000000e5590000, 0x00000000eaaa0000)
  eden space 70208K,  99% used [0x00000000e0000000, 0x00000000e448c3b8, 0x00000000e4490000)
  from space 8704K,  42% used [0x00000000e4d10000, 0x00000000e50b3a28, 0x00000000e5590000)
  to   space 8704K,   0% used [0x00000000e4490000, 0x00000000e4490000, 0x00000000e4d10000)
 tenured generation   total 174784K, used 131928K [0x00000000eaaa0000, 0x00000000f5550000, 0x0000000100000000)
   the space 174784K,  75% used [0x00000000eaaa0000, 0x00000000f2b763a8, 0x00000000f2b76400, 0x00000000f5550000)
 Metaspace       used 84900K, committed 85696K, reserved 294912K
  class space    used 10943K, committed 11328K, reserved 212992K
}
Event: 8640.112 GC heap after
{Heap after GC invocations=91 (full 3):
 def new generation   total 78912K, used 6346K [0x00000000e0000000, 0x00000000e5590000, 0x00000000eaaa0000)
  eden space 70208K,   0% used [0x00000000e0000000, 0x00000000e0000000, 0x00000000e4490000)
  from space 8704K,  72% used [0x00000000e4490000, 0x00000000e4ac29b8, 0x00000000e4d10000)
  to   space 8704K,   0% used [0x00000000e4d10000, 0x00000000e4d10000, 0x00000000e5590000)
 tenured generation   total 174784K, used 131928K [0x00000000eaaa0000, 0x00000000f5550000, 0x0000000100000000)
   the space 174784K,  75% used [0x00000000eaaa0000, 0x00000000f2b763a8, 0x00000000f2b76400, 0x00000000f5550000)
 Metaspace       used 84900K, committed 85696K, reserved 294912K
  class space    used 10943K, committed 11328K, reserved 212992K
}
Event: 8640.278 GC heap before
{Heap before GC invocations=91 (full 3):
 def new generation   total 78912K, used 76554K [0x00000000e0000000, 0x00000000e5590000, 0x00000000eaaa0000)
  eden space 70208K, 100% used [0x00000000e0000000, 0x00000000e4490000, 0x00000000e4490000)
  from space 8704K,  72% used [0x00000000e4490000, 0x00000000e4ac29b8, 0x00000000e4d10000)
  to   space 8704K,   0% used [0x00000000e4d10000, 0x00000000e4d10000, 0x00000000e5590000)
 tenured generation   total 174784K, used 131928K [0x00000000eaaa0000, 0x00000000f5550000, 0x0000000100000000)
   the space 174784K,  75% used [0x00000000eaaa0000, 0x00000000f2b763a8, 0x00000000f2b76400, 0x00000000f5550000)
 Metaspace       used 84913K, committed 85696K, reserved 294912K
  class space    used 10943K, committed 11328K, reserved 212992K
}
Event: 8640.373 GC heap after
{Heap after GC invocations=92 (full 3):
 def new generation   total 78912K, used 4681K [0x00000000e0000000, 0x00000000e5590000, 0x00000000eaaa0000)
  eden space 70208K,   0% used [0x00000000e0000000, 0x00000000e0000000, 0x00000000e4490000)
  from space 8704K,  53% used [0x00000000e4d10000, 0x00000000e51a26a8, 0x00000000e5590000)
  to   space 8704K,   0% used [0x00000000e4490000, 0x00000000e4490000, 0x00000000e4d10000)
 tenured generation   total 174784K, used 134588K [0x00000000eaaa0000, 0x00000000f5550000, 0x0000000100000000)
   the space 174784K,  77% used [0x00000000eaaa0000, 0x00000000f2e0f0f0, 0x00000000f2e0f200, 0x00000000f5550000)
 Metaspace       used 84913K, committed 85696K, reserved 294912K
  class space    used 10943K, committed 11328K, reserved 212992K
}
Event: 8643.593 GC heap before
{Heap before GC invocations=92 (full 3):
 def new generation   total 78912K, used 74889K [0x00000000e0000000, 0x00000000e5590000, 0x00000000eaaa0000)
  eden space 70208K, 100% used [0x00000000e0000000, 0x00000000e4490000, 0x00000000e4490000)
  from space 8704K,  53% used [0x00000000e4d10000, 0x00000000e51a26a8, 0x00000000e5590000)
  to   space 8704K,   0% used [0x00000000e4490000, 0x00000000e4490000, 0x00000000e4d10000)
 tenured generation   total 174784K, used 134588K [0x00000000eaaa0000, 0x00000000f5550000, 0x0000000100000000)
   the space 174784K,  77% used [0x00000000eaaa0000, 0x00000000f2e0f0f0, 0x00000000f2e0f200, 0x00000000f5550000)
 Metaspace       used 86692K, committed 87488K, reserved 294912K
  class space    used 11143K, committed 11520K, reserved 212992K
}
Event: 8643.697 GC heap after
{Heap after GC invocations=93 (full 3):
 def new generation   total 78912K, used 8346K [0x00000000e0000000, 0x00000000e5590000, 0x00000000eaaa0000)
  eden space 70208K,   0% used [0x00000000e0000000, 0x00000000e0000000, 0x00000000e4490000)
  from space 8704K,  95% used [0x00000000e4490000, 0x00000000e4cb69b0, 0x00000000e4d10000)
  to   space 8704K,   0% used [0x00000000e4d10000, 0x00000000e4d10000, 0x00000000e5590000)
 tenured generation   total 174784K, used 138153K [0x00000000eaaa0000, 0x00000000f5550000, 0x0000000100000000)
   the space 174784K,  79% used [0x00000000eaaa0000, 0x00000000f318a5f0, 0x00000000f318a600, 0x00000000f5550000)
 Metaspace       used 86692K, committed 87488K, reserved 294912K
  class space    used 11143K, committed 11520K, reserved 212992K
}
Event: 8645.824 GC heap before
{Heap before GC invocations=93 (full 3):
 def new generation   total 78912K, used 78512K [0x00000000e0000000, 0x00000000e5590000, 0x00000000eaaa0000)
  eden space 70208K,  99% used [0x00000000e0000000, 0x00000000e4485688, 0x00000000e4490000)
  from space 8704K,  95% used [0x00000000e4490000, 0x00000000e4cb69b0, 0x00000000e4d10000)
  to   space 8704K,   0% used [0x00000000e4d10000, 0x00000000e4d10000, 0x00000000e5590000)
 tenured generation   total 174784K, used 138153K [0x00000000eaaa0000, 0x00000000f5550000, 0x0000000100000000)
   the space 174784K,  79% used [0x00000000eaaa0000, 0x00000000f318a5f0, 0x00000000f318a600, 0x00000000f5550000)
 Metaspace       used 87099K, committed 87872K, reserved 294912K
  class space    used 11167K, committed 11584K, reserved 212992K
}
Event: 8645.916 GC heap after
{Heap after GC invocations=94 (full 3):
 def new generation   total 78912K, used 2757K [0x00000000e0000000, 0x00000000e5590000, 0x00000000eaaa0000)
  eden space 70208K,   0% used [0x00000000e0000000, 0x00000000e0000000, 0x00000000e4490000)
  from space 8704K,  31% used [0x00000000e4d10000, 0x00000000e4fc15b0, 0x00000000e5590000)
  to   space 8704K,   0% used [0x00000000e4490000, 0x00000000e4490000, 0x00000000e4d10000)
 tenured generation   total 174784K, used 143714K [0x00000000eaaa0000, 0x00000000f5550000, 0x0000000100000000)
   the space 174784K,  82% used [0x00000000eaaa0000, 0x00000000f36f8ac0, 0x00000000f36f8c00, 0x00000000f5550000)
 Metaspace       used 87099K, committed 87872K, reserved 294912K
  class space    used 11167K, committed 11584K, reserved 212992K
}
Event: 8646.095 GC heap before
{Heap before GC invocations=94 (full 3):
 def new generation   total 78912K, used 72965K [0x00000000e0000000, 0x00000000e5590000, 0x00000000eaaa0000)
  eden space 70208K, 100% used [0x00000000e0000000, 0x00000000e4490000, 0x00000000e4490000)
  from space 8704K,  31% used [0x00000000e4d10000, 0x00000000e4fc15b0, 0x00000000e5590000)
  to   space 8704K,   0% used [0x00000000e4490000, 0x00000000e4490000, 0x00000000e4d10000)
 tenured generation   total 174784K, used 143714K [0x00000000eaaa0000, 0x00000000f5550000, 0x0000000100000000)
   the space 174784K,  82% used [0x00000000eaaa0000, 0x00000000f36f8ac0, 0x00000000f36f8c00, 0x00000000f5550000)
 Metaspace       used 87100K, committed 87872K, reserved 294912K
  class space    used 11167K, committed 11584K, reserved 212992K
}
Event: 8646.178 GC heap after
{Heap after GC invocations=95 (full 3):
 def new generation   total 78912K, used 2735K [0x00000000e0000000, 0x00000000e5590000, 0x00000000eaaa0000)
  eden space 70208K,   0% used [0x00000000e0000000, 0x00000000e0000000, 0x00000000e4490000)
  from space 8704K,  31% used [0x00000000e4490000, 0x00000000e473be10, 0x00000000e4d10000)
  to   space 8704K,   0% used [0x00000000e4d10000, 0x00000000e4d10000, 0x00000000e5590000)
 tenured generation   total 174784K, used 143714K [0x00000000eaaa0000, 0x00000000f5550000, 0x0000000100000000)
   the space 174784K,  82% used [0x00000000eaaa0000, 0x00000000f36f8ac0, 0x00000000f36f8c00, 0x00000000f5550000)
 Metaspace       used 87100K, committed 87872K, reserved 294912K
  class space    used 11167K, committed 11584K, reserved 212992K
}
Event: 8646.198 GC heap before
{Heap before GC invocations=95 (full 3):
 def new generation   total 78912K, used 72844K [0x00000000e0000000, 0x00000000e5590000, 0x00000000eaaa0000)
  eden space 70208K,  99% used [0x00000000e0000000, 0x00000000e44775b8, 0x00000000e4490000)
  from space 8704K,  31% used [0x00000000e4490000, 0x00000000e473be10, 0x00000000e4d10000)
  to   space 8704K,   0% used [0x00000000e4d10000, 0x00000000e4d10000, 0x00000000e5590000)
 tenured generation   total 174784K, used 143714K [0x00000000eaaa0000, 0x00000000f5550000, 0x0000000100000000)
   the space 174784K,  82% used [0x00000000eaaa0000, 0x00000000f36f8ac0, 0x00000000f36f8c00, 0x00000000f5550000)
 Metaspace       used 87100K, committed 87872K, reserved 294912K
  class space    used 11167K, committed 11584K, reserved 212992K
}
Event: 8646.205 GC heap after
{Heap after GC invocations=96 (full 3):
 def new generation   total 78912K, used 2801K [0x00000000e0000000, 0x00000000e5590000, 0x00000000eaaa0000)
  eden space 70208K,   0% used [0x00000000e0000000, 0x00000000e0000000, 0x00000000e4490000)
  from space 8704K,  32% used [0x00000000e4d10000, 0x00000000e4fcc578, 0x00000000e5590000)
  to   space 8704K,   0% used [0x00000000e4490000, 0x00000000e4490000, 0x00000000e4d10000)
 tenured generation   total 174784K, used 143714K [0x00000000eaaa0000, 0x00000000f5550000, 0x0000000100000000)
   the space 174784K,  82% used [0x00000000eaaa0000, 0x00000000f36f8ac0, 0x00000000f36f8c00, 0x00000000f5550000)
 Metaspace       used 87100K, committed 87872K, reserved 294912K
  class space    used 11167K, committed 11584K, reserved 212992K
}

