# JRE version: OpenJDK Runtime Environment (17.0.1+12) (build 17.0.1+12-nixos)
# Java VM: OpenJDK 64-Bit Server VM (17.0.1+12-nixos, mixed mode, sharing, tiered, compressed oops, compressed class ptrs, serial gc, linux-amd64)
GC Precious Log:
 CPUs: 8 total, 1 available
 Memory: 1024M
 Large Page Support: Disabled
 NUMA Support: Disabled
 Compressed Oops: Enabled (32-bit)
 Heap Min Capacity: 64M
 Heap Initial Capacity: 64M
 Heap Max Capacity: 64M
 Pre-touch: Disabled
Heap:
 def new generation   total 19648K, used 7045K [0x00000000fc000000, 0x00000000fd550000, 0x00000000fd550000)
  eden space 17472K,  28% used [0x00000000fc000000, 0x00000000fc4ec9d0, 0x00000000fd110000)
  from space 2176K,  92% used [0x00000000fd110000, 0x00000000fd304b78, 0x00000000fd330000)
  to   space 2176K,   0% used [0x00000000fd330000, 0x00000000fd330000, 0x00000000fd550000)
 tenured generation   total 43712K, used 7448K [0x00000000fd550000, 0x0000000100000000, 0x0000000100000000)
   the space 43712K,  17% used [0x00000000fd550000, 0x00000000fdc96320, 0x00000000fdc96400, 0x0000000100000000)
 Metaspace       used 7600K, committed 7808K, reserved 1056768K
  class space    used 1033K, committed 1152K, reserved 1048576K
GC Heap History (4 events):
Event: 2.022 GC heap before
{Heap before GC invocations=0 (full 0):
 def new generation   total 19648K, used 15613K [0x00000000fc000000, 0x00000000fd550000, 0x00000000fd550000)
  eden space 17472K,  89% used [0x00000000fc000000, 0x00000000fcf3f7c0, 0x00000000fd110000)
  from space 2176K,   0% used [0x00000000fd110000, 0x00000000fd110000, 0x00000000fd330000)
  to   space 2176K,   0% used [0x00000000fd330000, 0x00000000fd330000, 0x00000000fd550000)
 tenured generation   total 43712K, used 0K [0x00000000fd550000, 0x0000000100000000, 0x0000000100000000)
   the space 43712K,   0% used [0x00000000fd550000, 0x00000000fd550000, 0x00000000fd550200, 0x0000000100000000)
 Metaspace       used 2063K, committed 2176K, reserved 1056768K
  class space    used 204K, committed 256K, reserved 1048576K
}
Event: 2.035 GC heap after
{Heap after GC invocations=1 (full 0):
 def new generation   total 19648K, used 2176K [0x00000000fc000000, 0x00000000fd550000, 0x00000000fd550000)
  eden space 17472K,   0% used [0x00000000fc000000, 0x00000000fc000000, 0x00000000fd110000)
  from space 2176K, 100% used [0x00000000fd330000, 0x00000000fd550000, 0x00000000fd550000)
  to   space 2176K,   0% used [0x00000000fd110000, 0x00000000fd110000, 0x00000000fd330000)
 tenured generation   total 43712K, used 2238K [0x00000000fd550000, 0x0000000100000000, 0x0000000100000000)
   the space 43712K,   5% used [0x00000000fd550000, 0x00000000fd77f898, 0x00000000fd77fa00, 0x0000000100000000)
 Metaspace       used 2063K, committed 2176K, reserved 1056768K
  class space    used 204K, committed 256K, reserved 1048576K
}
Event: 4.437 GC heap before
{Heap before GC invocations=1 (full 0):
 def new generation   total 19648K, used 19648K [0x00000000fc000000, 0x00000000fd550000, 0x00000000fd550000)
  eden space 17472K, 100% used [0x00000000fc000000, 0x00000000fd110000, 0x00000000fd110000)
  from space 2176K, 100% used [0x00000000fd330000, 0x00000000fd550000, 0x00000000fd550000)
  to   space 2176K,   0% used [0x00000000fd110000, 0x00000000fd110000, 0x00000000fd330000)
 tenured generation   total 43712K, used 2238K [0x00000000fd550000, 0x0000000100000000, 0x0000000100000000)
   the space 43712K,   5% used [0x00000000fd550000, 0x00000000fd77f898, 0x00000000fd77fa00, 0x0000000100000000)
 Metaspace       used 5848K, committed 6080K, reserved 1056768K
  class space    used 824K, committed 960K, reserved 1048576K
}
Event: 4.455 GC heap after
{Heap after GC invocations=2 (full 0):
 def new generation   total 19648K, used 2002K [0x00000000fc000000, 0x00000000fd550000, 0x00000000fd550000)
  eden space 17472K,   0% used [0x00000000fc000000, 0x00000000fc000000, 0x00000000fd110000)
  from space 2176K,  92% used [0x00000000fd110000, 0x00000000fd304b78, 0x00000000fd330000)
  to   space 2176K,   0% used [0x00000000fd330000, 0x00000000fd330000, 0x00000000fd550000)
 tenured generation   total 43712K, used 7448K [0x00000000fd550000, 0x0000000100000000, 0x0000000100000000)
   the space 43712K,  17% used [0x00000000fd550000, 0x00000000fdc96320, 0x00000000fdc96400, 0x0000000100000000)
 Metaspace       used 5848K, committed 6080K, reserved 1056768K
  class space    used 824K, committed 960K, reserved 1048576K
}

